<?xml version="1.0" encoding="utf-8"?><testsuites><testsuite name="pytest" errors="0" failures="0" skipped="0" tests="2" time="0.612" timestamp="2025-07-16T23:01:24.740454" hostname="324c3baf0caf"><testcase classname="tests.test_prediction" name="test_single_pred_not_none" time="0.007" /><testcase classname="tests.test_prediction" name="test_single_pred_str_type" time="0.005" /></testsuite></testsuites>